<?xml version="1.0" encoding="UTF-8"?>
<testng-results skipped="0" failed="0" ignored="0" total="1" passed="1">
  <reporter-output>
  </reporter-output>
  <suite name="Default suite" duration-ms="31314" started-at="2021-09-19T20:23:11 IST" finished-at="2021-09-19T20:23:42 IST">
    <groups>
    </groups>
    <test name="Default test" duration-ms="31314" started-at="2021-09-19T20:23:11 IST" finished-at="2021-09-19T20:23:42 IST">
      <class name="tests.MyTrip">
        <test-method status="PASS" signature="setup()[pri:0, instance:tests.MyTrip@2a742aa2]" name="setup" is-config="true" duration-ms="16027" started-at="2021-09-19T20:23:11 IST" finished-at="2021-09-19T20:23:27 IST">
          <reporter-output>
          </reporter-output>
        </test-method> <!-- setup -->
        <test-method status="PASS" signature="log()[pri:0, instance:tests.MyTrip@2a742aa2]" name="log" is-config="true" duration-ms="15118" started-at="2021-09-19T20:23:27 IST" finished-at="2021-09-19T20:23:42 IST">
          <reporter-output>
          </reporter-output>
        </test-method> <!-- log -->
        <test-method status="PASS" signature="test1()[pri:0, instance:tests.MyTrip@2a742aa2]" name="test1" duration-ms="18" started-at="2021-09-19T20:23:42 IST" finished-at="2021-09-19T20:23:42 IST">
          <reporter-output>
          </reporter-output>
        </test-method> <!-- test1 -->
      </class> <!-- tests.MyTrip -->
    </test> <!-- Default test -->
  </suite> <!-- Default suite -->
</testng-results>
